--------------------------------------------------------------------------------
Marvellous Process Logger : Fri Apr 26 00:24:42 2019
--------------------------------------------------------------------------------

{'username': 'NT AUTHORITY\\SYSTEM', 'name': 'System Idle Process', 'pid': 0, 'vms': 0.05078125}
{'username': 'NT AUTHORITY\\SYSTEM', 'name': 'System', 'pid': 4, 'vms': 0.22265625}
{'username': None, 'name': 'Registry', 'pid': 96, 'vms': 1.12890625}
{'username': None, 'name': 'smss.exe', 'pid': 388, 'vms': 0.48046875}
{'username': None, 'name': 'svchost.exe', 'pid': 516, 'vms': 10.5078125}
{'username': None, 'name': 'csrss.exe', 'pid': 592, 'vms': 1.83203125}
{'username': None, 'name': 'wininit.exe', 'pid': 708, 'vms': 1.7109375}
{'username': None, 'name': 'services.exe', 'pid': 784, 'vms': 6.34375}
{'username': None, 'name': 'lsass.exe', 'pid': 792, 'vms': 9.9296875}
{'username': None, 'name': 'svchost.exe', 'pid': 864, 'vms': 4.76953125}
{'username': None, 'name': 'svchost.exe', 'pid': 916, 'vms': 0.97265625}
{'username': None, 'name': 'fontdrvhost.exe', 'pid': 944, 'vms': 1.85546875}
{'username': None, 'name': 'svchost.exe', 'pid': 952, 'vms': 22.328125}
{'username': None, 'name': 'WUDFHost.exe', 'pid': 1008, 'vms': 3.984375}
{'username': 'DESKTOP-TIU7GVP\\Harshal', 'name': 'chrome.exe', 'pid': 1036, 'vms': 23.66015625}
{'username': 'DESKTOP-TIU7GVP\\Harshal', 'name': 'RAVBg64.exe', 'pid': 1100, 'vms': 4.2578125}
{'username': None, 'name': 'svchost.exe', 'pid': 1144, 'vms': 2.484375}
{'username': None, 'name': 'svchost.exe', 'pid': 1228, 'vms': 3.83984375}
{'username': 'DESKTOP-TIU7GVP\\Harshal', 'name': 'WinStore.App.exe', 'pid': 1276, 'vms': 50.640625}
{'username': None, 'name': 'svchost.exe', 'pid': 1308, 'vms': 2.26953125}
{'username': None, 'name': 'svchost.exe', 'pid': 1336, 'vms': 2.61328125}
{'username': 'DESKTOP-TIU7GVP\\Harshal', 'name': 'MicrosoftEdgeCP.exe', 'pid': 1396, 'vms': 5.85546875}
{'username': None, 'name': 'svchost.exe', 'pid': 1400, 'vms': 2.1953125}
{'username': None, 'name': 'svchost.exe', 'pid': 1428, 'vms': 4.8984375}
{'username': None, 'name': 'svchost.exe', 'pid': 1460, 'vms': 16.79296875}
{'username': 'DESKTOP-TIU7GVP\\Harshal', 'name': 'AcroRd32.exe', 'pid': 1644, 'vms': 10.42578125}
{'username': None, 'name': 'svchost.exe', 'pid': 1656, 'vms': 2.01953125}
{'username': None, 'name': 'svchost.exe', 'pid': 1672, 'vms': 5.16796875}
{'username': None, 'name': 'RAVBg64.exe', 'pid': 1688, 'vms': 5.84375}
{'username': None, 'name': 'svchost.exe', 'pid': 1696, 'vms': 5.6640625}
{'username': None, 'name': 'svchost.exe', 'pid': 1708, 'vms': 6.5859375}
{'username': None, 'name': 'svchost.exe', 'pid': 1788, 'vms': 2.88671875}
{'username': None, 'name': 'svchost.exe', 'pid': 1824, 'vms': 2.72265625}
{'username': None, 'name': 'svchost.exe', 'pid': 1860, 'vms': 2.98828125}
{'username': None, 'name': 'svchost.exe', 'pid': 1900, 'vms': 7.8125}
{'username': None, 'name': 'svchost.exe', 'pid': 1960, 'vms': 5.41796875}
{'username': None, 'name': 'svchost.exe', 'pid': 2032, 'vms': 3.94140625}
{'username': None, 'name': 'atiesrxx.exe', 'pid': 2088, 'vms': 1.40625}
{'username': 'DESKTOP-TIU7GVP\\Harshal', 'name': 'explorer.exe', 'pid': 2104, 'vms': 83.43359375}
{'username': None, 'name': 'svchost.exe', 'pid': 2132, 'vms': 89.28515625}
{'username': None, 'name': 'svchost.exe', 'pid': 2140, 'vms': 1.33984375}
{'username': None, 'name': 'svchost.exe', 'pid': 2148, 'vms': 2.26953125}
{'username': None, 'name': 'Memory Compression', 'pid': 2216, 'vms': 0.8046875}
{'username': None, 'name': 'svchost.exe', 'pid': 2256, 'vms': 2.41796875}
{'username': None, 'name': 'igfxCUIService.exe', 'pid': 2284, 'vms': 1.9375}
{'username': None, 'name': 'svchost.exe', 'pid': 2360, 'vms': 2.01171875}
{'username': None, 'name': 'svchost.exe', 'pid': 2368, 'vms': 1.88671875}
{'username': None, 'name': 'SgrmBroker.exe', 'pid': 2392, 'vms': 2.87890625}
{'username': None, 'name': 'svchost.exe', 'pid': 2452, 'vms': 4.6640625}
{'username': 'DESKTOP-TIU7GVP\\Harshal', 'name': 'RdrCEF.exe', 'pid': 2480, 'vms': 73.57421875}
{'username': None, 'name': 'RtkAudioService64.exe', 'pid': 2496, 'vms': 1.91796875}
{'username': None, 'name': 'svchost.exe', 'pid': 2560, 'vms': 7.3828125}
{'username': None, 'name': 'svchost.exe', 'pid': 2580, 'vms': 2.14453125}
{'username': None, 'name': 'svchost.exe', 'pid': 2676, 'vms': 3.875}
{'username': None, 'name': 'svchost.exe', 'pid': 2720, 'vms': 4.96875}
{'username': None, 'name': 'svchost.exe', 'pid': 2796, 'vms': 4.08203125}
{'username': 'DESKTOP-TIU7GVP\\Harshal', 'name': 'chrome.exe', 'pid': 2916, 'vms': 29.765625}
{'username': 'DESKTOP-TIU7GVP\\Harshal', 'name': 'svchost.exe', 'pid': 2960, 'vms': 7.90234375}
{'username': None, 'name': 'svchost.exe', 'pid': 2964, 'vms': 6.3046875}
{'username': None, 'name': 'svchost.exe', 'pid': 3000, 'vms': 1.88671875}
{'username': None, 'name': 'spoolsv.exe', 'pid': 3040, 'vms': 6.11328125}
{'username': None, 'name': 'svchost.exe', 'pid': 3064, 'vms': 1.36328125}
{'username': None, 'name': 'svchost.exe', 'pid': 3068, 'vms': 2.9375}
{'username': None, 'name': 'svchost.exe', 'pid': 3108, 'vms': 14.16015625}
{'username': None, 'name': 'svchost.exe', 'pid': 3144, 'vms': 2.015625}
{'username': 'DESKTOP-TIU7GVP\\Harshal', 'name': 'jucheck.exe', 'pid': 3180, 'vms': 3.16796875}
{'username': None, 'name': 'svchost.exe', 'pid': 3192, 'vms': 1.91015625}
{'username': None, 'name': 'svchost.exe', 'pid': 3236, 'vms': 2.25}
{'username': 'DESKTOP-TIU7GVP\\Harshal', 'name': 'MicrosoftEdge.exe', 'pid': 3276, 'vms': 21.68359375}
{'username': None, 'name': 'AdminService.exe', 'pid': 3308, 'vms': 79.5625}
{'username': None, 'name': 'armsvc.exe', 'pid': 3316, 'vms': 3.59765625}
{'username': None, 'name': 'svchost.exe', 'pid': 3324, 'vms': 6.68359375}
{'username': None, 'name': 'svchost.exe', 'pid': 3332, 'vms': 2.1640625}
{'username': None, 'name': 'IntelCpHDCPSvc.exe', 'pid': 3352, 'vms': 1.4375}
{'username': None, 'name': 'esif_uf.exe', 'pid': 3368, 'vms': 1.765625}
{'username': None, 'name': 'svchost.exe', 'pid': 3376, 'vms': 33.4375}
{'username': None, 'name': 'svchost.exe', 'pid': 3392, 'vms': 14.26953125}
{'username': None, 'name': 'svchost.exe', 'pid': 3420, 'vms': 7.28515625}
{'username': None, 'name': 'svchost.exe', 'pid': 3536, 'vms': 1.58984375}
{'username': None, 'name': 'SecurityHealthService.exe', 'pid': 3544, 'vms': 9.8046875}
{'username': None, 'name': 'sqlwriter.exe', 'pid': 3552, 'vms': 2.17578125}
{'username': None, 'name': 'SynTPEnhService.exe', 'pid': 3564, 'vms': 1.31640625}
{'username': None, 'name': 'svchost.exe', 'pid': 3572, 'vms': 2.3828125}
{'username': None, 'name': 'svchost.exe', 'pid': 3620, 'vms': 1.34765625}
{'username': None, 'name': 'WavesSysSvc64.exe', 'pid': 3664, 'vms': 2.21875}
{'username': None, 'name': 'svchost.exe', 'pid': 3680, 'vms': 1.64453125}
{'username': None, 'name': 'svchost.exe', 'pid': 3700, 'vms': 5.921875}
{'username': None, 'name': 'svchost.exe', 'pid': 3708, 'vms': 30.32421875}
{'username': None, 'name': 'svchost.exe', 'pid': 3796, 'vms': 2.60546875}
{'username': None, 'name': 'dasHost.exe', 'pid': 3892, 'vms': 5.90625}
{'username': None, 'name': 'svchost.exe', 'pid': 3900, 'vms': 3.98046875}
{'username': 'DESKTOP-TIU7GVP\\Harshal', 'name': 'SkypeApp.exe', 'pid': 3916, 'vms': 189.6875}
{'username': 'DESKTOP-TIU7GVP\\Harshal', 'name': 'conhost.exe', 'pid': 3980, 'vms': 7.734375}
{'username': None, 'name': 'svchost.exe', 'pid': 3996, 'vms': 2.421875}
{'username': None, 'name': 'svchost.exe', 'pid': 4068, 'vms': 3.9296875}
{'username': None, 'name': 'IntelCpHeciSvc.exe', 'pid': 4092, 'vms': 1.44921875}
{'username': None, 'name': 'svchost.exe', 'pid': 4292, 'vms': 3.94140625}
{'username': 'DESKTOP-TIU7GVP\\Harshal', 'name': 'RdrCEF.exe', 'pid': 4396, 'vms': 78.18359375}
{'username': None, 'name': 'svchost.exe', 'pid': 4436, 'vms': 2.921875}
{'username': None, 'name': 'SearchIndexer.exe', 'pid': 4612, 'vms': 52.47265625}
{'username': 'DESKTOP-TIU7GVP\\Harshal', 'name': 'Calculator.exe', 'pid': 5132, 'vms': 15.6796875}
{'username': None, 'name': 'svchost.exe', 'pid': 5392, 'vms': 4.79296875}
{'username': 'DESKTOP-TIU7GVP\\Harshal', 'name': 'SynTPEnh.exe', 'pid': 5436, 'vms': 6.58203125}
{'username': 'DESKTOP-TIU7GVP\\Harshal', 'name': 'chrome.exe', 'pid': 5580, 'vms': 66.59765625}
{'username': 'DESKTOP-TIU7GVP\\Harshal', 'name': 'chrome.exe', 'pid': 5636, 'vms': 29.25390625}
{'username': None, 'name': 'svchost.exe', 'pid': 5652, 'vms': 1.95703125}
{'username': 'DESKTOP-TIU7GVP\\Harshal', 'name': 'sublime_text.exe', 'pid': 5700, 'vms': 43.39453125}
{'username': None, 'name': 'svchost.exe', 'pid': 5972, 'vms': 2.1953125}
{'username': 'DESKTOP-TIU7GVP\\Harshal', 'name': 'chrome.exe', 'pid': 6092, 'vms': 40.453125}
{'username': None, 'name': 'svchost.exe', 'pid': 6288, 'vms': 4.89453125}
{'username': 'DESKTOP-TIU7GVP\\Harshal', 'name': 'RtkNGUI64.exe', 'pid': 6328, 'vms': 4.2421875}
{'username': 'DESKTOP-TIU7GVP\\Harshal', 'name': 'SynTPHelper.exe', 'pid': 6424, 'vms': 1.01171875}
{'username': 'DESKTOP-TIU7GVP\\Harshal', 'name': 'ctfmon.exe', 'pid': 6928, 'vms': 28.9453125}
{'username': 'DESKTOP-TIU7GVP\\Harshal', 'name': 'svchost.exe', 'pid': 7032, 'vms': 11.80859375}
{'username': 'DESKTOP-TIU7GVP\\Harshal', 'name': 'chrome.exe', 'pid': 7092, 'vms': 23.76953125}
{'username': 'DESKTOP-TIU7GVP\\Harshal', 'name': 'MSASCuiL.exe', 'pid': 7316, 'vms': 1.9609375}
{'username': 'DESKTOP-TIU7GVP\\Harshal', 'name': 'taskhostw.exe', 'pid': 7324, 'vms': 10.73828125}
{'username': 'DESKTOP-TIU7GVP\\Harshal', 'name': 'WavesSvc64.exe', 'pid': 7552, 'vms': 22.89453125}
{'username': 'DESKTOP-TIU7GVP\\Harshal', 'name': 'chrome.exe', 'pid': 7572, 'vms': 20.49609375}
{'username': 'DESKTOP-TIU7GVP\\Harshal', 'name': 'chrome.exe', 'pid': 7740, 'vms': 24.85546875}
{'username': None, 'name': 'winlogon.exe', 'pid': 7808, 'vms': 2.28125}
{'username': None, 'name': 'sedsvc.exe', 'pid': 7960, 'vms': 5.19140625}
{'username': 'DESKTOP-TIU7GVP\\Harshal', 'name': 'chrome.exe', 'pid': 8100, 'vms': 93.81640625}
{'username': None, 'name': 'svchost.exe', 'pid': 8236, 'vms': 1.8125}
{'username': 'DESKTOP-TIU7GVP\\Harshal', 'name': 'OneDrive.exe', 'pid': 8240, 'vms': 14.41796875}
{'username': 'DESKTOP-TIU7GVP\\Harshal', 'name': 'browser_broker.exe', 'pid': 8352, 'vms': 1.9609375}
{'username': 'DESKTOP-TIU7GVP\\Harshal', 'name': 'svchost.exe', 'pid': 8496, 'vms': 8.75390625}
{'username': None, 'name': 'svchost.exe', 'pid': 8560, 'vms': 2.0}
{'username': 'DESKTOP-TIU7GVP\\Harshal', 'name': 'dllhost.exe', 'pid': 8608, 'vms': 4.75390625}
{'username': 'DESKTOP-TIU7GVP\\Harshal', 'name': 'SystemSettings.exe', 'pid': 8616, 'vms': 16.921875}
{'username': 'DESKTOP-TIU7GVP\\Harshal', 'name': 'dptf_helper.exe', 'pid': 8668, 'vms': 1.3125}
{'username': 'DESKTOP-TIU7GVP\\Harshal', 'name': 'python.exe', 'pid': 8680, 'vms': 11.04296875}
{'username': None, 'name': 'svchost.exe', 'pid': 8744, 'vms': 2.38671875}
{'username': None, 'name': 'svchost.exe', 'pid': 8756, 'vms': 2.6015625}
{'username': 'DESKTOP-TIU7GVP\\Harshal', 'name': 'SkypeBackgroundHost.exe', 'pid': 8988, 'vms': 1.98046875}
{'username': None, 'name': 'svchost.exe', 'pid': 9056, 'vms': 3.2421875}
{'username': 'DESKTOP-TIU7GVP\\Harshal', 'name': 'RdrCEF.exe', 'pid': 9212, 'vms': 78.33984375}
{'username': 'DESKTOP-TIU7GVP\\Harshal', 'name': 'RuntimeBroker.exe', 'pid': 9328, 'vms': 8.77734375}
{'username': None, 'name': 'svchost.exe', 'pid': 9396, 'vms': 4.75390625}
{'username': 'DESKTOP-TIU7GVP\\Harshal', 'name': 'RuntimeBroker.exe', 'pid': 9404, 'vms': 8.19921875}
{'username': 'DESKTOP-TIU7GVP\\Harshal', 'name': 'bittorrentie.exe', 'pid': 9468, 'vms': 27.2734375}
{'username': 'DESKTOP-TIU7GVP\\Harshal', 'name': 'RdrCEF.exe', 'pid': 9600, 'vms': 15.51953125}
{'username': 'DESKTOP-TIU7GVP\\Harshal', 'name': 'chrome.exe', 'pid': 9644, 'vms': 20.9140625}
{'username': None, 'name': 'svchost.exe', 'pid': 9928, 'vms': 1.7890625}
{'username': 'DESKTOP-TIU7GVP\\Harshal', 'name': 'RdrCEF.exe', 'pid': 10076, 'vms': 72.71875}
{'username': 'DESKTOP-TIU7GVP\\Harshal', 'name': 'dllhost.exe', 'pid': 10124, 'vms': 1.515625}
{'username': 'DESKTOP-TIU7GVP\\Harshal', 'name': 'chrome.exe', 'pid': 10444, 'vms': 33.26171875}
{'username': None, 'name': 'svchost.exe', 'pid': 10528, 'vms': 1.421875}
{'username': None, 'name': 'MsMpEng.exe', 'pid': 10548, 'vms': 447.5703125}
{'username': 'DESKTOP-TIU7GVP\\Harshal', 'name': 'SearchUI.exe', 'pid': 10720, 'vms': 108.76953125}
{'username': None, 'name': 'svchost.exe', 'pid': 10800, 'vms': 1.8359375}
{'username': 'DESKTOP-TIU7GVP\\Harshal', 'name': 'ShellExperienceHost.exe', 'pid': 10808, 'vms': 38.1953125}
{'username': 'DESKTOP-TIU7GVP\\Harshal', 'name': 'chrome.exe', 'pid': 10876, 'vms': 121.91015625}
{'username': 'DESKTOP-TIU7GVP\\Harshal', 'name': 'chrome.exe', 'pid': 10984, 'vms': 89.71875}
{'username': 'DESKTOP-TIU7GVP\\Harshal', 'name': 'RdrCEF.exe', 'pid': 10992, 'vms': 58.484375}
{'username': None, 'name': 'audiodg.exe', 'pid': 11036, 'vms': 12.37109375}
{'username': 'DESKTOP-TIU7GVP\\Harshal', 'name': 'RuntimeBroker.exe', 'pid': 11052, 'vms': 7.43359375}
{'username': 'DESKTOP-TIU7GVP\\Harshal', 'name': 'RadeonSettings.exe', 'pid': 11244, 'vms': 147.51953125}
{'username': 'DESKTOP-TIU7GVP\\Harshal', 'name': 'chrome.exe', 'pid': 11268, 'vms': 39.91796875}
{'username': 'DESKTOP-TIU7GVP\\Harshal', 'name': 'SettingSyncHost.exe', 'pid': 11352, 'vms': 15.515625}
{'username': None, 'name': 'svchost.exe', 'pid': 11364, 'vms': 2.55859375}
{'username': 'DESKTOP-TIU7GVP\\Harshal', 'name': 'bittorrentie.exe', 'pid': 11408, 'vms': 72.0625}
{'username': 'DESKTOP-TIU7GVP\\Harshal', 'name': 'RuntimeBroker.exe', 'pid': 11552, 'vms': 5.4765625}
{'username': 'DESKTOP-TIU7GVP\\Harshal', 'name': 'sihost.exe', 'pid': 11560, 'vms': 6.80859375}
{'username': 'DESKTOP-TIU7GVP\\Harshal', 'name': 'ApplicationFrameHost.exe', 'pid': 11772, 'vms': 20.73046875}
{'username': 'DESKTOP-TIU7GVP\\Harshal', 'name': 'AcroRd32.exe', 'pid': 11812, 'vms': 202.45703125}
{'username': 'DESKTOP-TIU7GVP\\Harshal', 'name': 'chrome.exe', 'pid': 11948, 'vms': 13.62890625}
{'username': None, 'name': 'svchost.exe', 'pid': 12000, 'vms': 6.16015625}
{'username': None, 'name': 'fontdrvhost.exe', 'pid': 12008, 'vms': 8.671875}
{'username': None, 'name': 'NisSrv.exe', 'pid': 12080, 'vms': 11.83984375}
{'username': 'DESKTOP-TIU7GVP\\Harshal', 'name': 'RuntimeBroker.exe', 'pid': 12104, 'vms': 1.86328125}
{'username': 'DESKTOP-TIU7GVP\\Harshal', 'name': 'plugin_host.exe', 'pid': 12264, 'vms': 17.53515625}
{'username': 'DESKTOP-TIU7GVP\\Harshal', 'name': 'BitTorrent.exe', 'pid': 12356, 'vms': 13.78515625}
{'username': None, 'name': 'svchost.exe', 'pid': 12656, 'vms': 9.25}
{'username': 'DESKTOP-TIU7GVP\\Harshal', 'name': 'igfxEM.exe', 'pid': 12996, 'vms': 7.02734375}
{'username': None, 'name': 'svchost.exe', 'pid': 13228, 'vms': 3.234375}
{'username': 'DESKTOP-TIU7GVP\\Harshal', 'name': 'chrome.exe', 'pid': 13548, 'vms': 71.1796875}
{'username': None, 'name': 'svchost.exe', 'pid': 13672, 'vms': 1.86328125}
{'username': 'DESKTOP-TIU7GVP\\Harshal', 'name': 'RuntimeBroker.exe', 'pid': 13796, 'vms': 6.8828125}
{'username': 'DESKTOP-TIU7GVP\\Harshal', 'name': 'jusched.exe', 'pid': 13852, 'vms': 3.57421875}
{'username': None, 'name': 'csrss.exe', 'pid': 13972, 'vms': 2.6328125}
{'username': 'DESKTOP-TIU7GVP\\Harshal', 'name': 'cmd.exe', 'pid': 14116, 'vms': 2.6171875}
{'username': None, 'name': 'svchost.exe', 'pid': 14320, 'vms': 1.80078125}
{'username': 'DESKTOP-TIU7GVP\\Harshal', 'name': 'RemindersServer.exe', 'pid': 14332, 'vms': 7.9609375}
{'username': 'DESKTOP-TIU7GVP\\Harshal', 'name': 'MicrosoftEdgeCP.exe', 'pid': 14396, 'vms': 5.2109375}
{'username': 'DESKTOP-TIU7GVP\\Harshal', 'name': 'chrome.exe', 'pid': 14452, 'vms': 2.0546875}
{'username': None, 'name': 'dwm.exe', 'pid': 14552, 'vms': 59.6171875}
{'username': 'DESKTOP-TIU7GVP\\Harshal', 'name': 'chrome.exe', 'pid': 14628, 'vms': 1.94921875}
{'username': 'DESKTOP-TIU7GVP\\Harshal', 'name': 'bittorrentie.exe', 'pid': 14928, 'vms': 32.1171875}
{'username': 'DESKTOP-TIU7GVP\\Harshal', 'name': 'LockApp.exe', 'pid': 15028, 'vms': 12.4609375}
{'username': 'DESKTOP-TIU7GVP\\Harshal', 'name': 'RuntimeBroker.exe', 'pid': 15256, 'vms': 7.99609375}
