----------------------------------------------------------------------------------------------------------------------------------------------------------------
Marvellous Duplicate Deleted Files Logger : Sat Apr 27 00:15:33 2019
----------------------------------------------------------------------------------------------------------------------------------------------------------------

F:\ALL SOFTWARE\marvellous study material\Python\Assignments\Assignment 13\dir\WhatsApp\.Shared\+fXsTfQXzMxkSzKqzfnl1N2CcSSj417AYSKDueS6ziE=.tmp.chck
F:\ALL SOFTWARE\marvellous study material\Python\Assignments\Assignment 13\dir\WhatsApp\.Shared\-f4Yukiqk+cA+QAHYnT7euW7DyIu0yAZClec3wkOwH8=.tmp.chck
F:\ALL SOFTWARE\marvellous study material\Python\Assignments\Assignment 13\dir\WhatsApp\.Shared\0Hy0dYAaEGzgCSQT7dSTVHvv2eOraFmxfNXSwb6CsyY=.tmp.chck
F:\ALL SOFTWARE\marvellous study material\Python\Assignments\Assignment 13\dir\WhatsApp\.Shared\1a+ZG3azpvlh8kd58LQb94SsZLvWgWYUbSaYpKkfy9A=.tmp.chck
F:\ALL SOFTWARE\marvellous study material\Python\Assignments\Assignment 13\dir\WhatsApp\.Shared\1GnOfOZ0WPYuy79vBXKO7rFVlBqxuS03xUwEPM2LjV0=.tmp.chck
F:\ALL SOFTWARE\marvellous study material\Python\Assignments\Assignment 13\dir\WhatsApp\.Shared\1t580NmCDuAs7B2-g5nxBZPvqiVs12Fv6zORItOYOh4=.tmp.chck
F:\ALL SOFTWARE\marvellous study material\Python\Assignments\Assignment 13\dir\WhatsApp\.Shared\3EsShzoYZ0YAWfcs83Smmisc52F2-Ml3MUxeiCQ9gfo=.tmp.chck
F:\ALL SOFTWARE\marvellous study material\Python\Assignments\Assignment 13\dir\WhatsApp\.Shared\3w-tFstlWbtYLL+4Z1QOtUBYk4wjddZy-BKcD0CNCIw=.tmp.chck
F:\ALL SOFTWARE\marvellous study material\Python\Assignments\Assignment 13\dir\WhatsApp\.Shared\3ZjUPwcawoGsH4mhmWfty4OgwrMezGhptZ1VgdkEHEU=.tmp.chck
F:\ALL SOFTWARE\marvellous study material\Python\Assignments\Assignment 13\dir\WhatsApp\.Shared\5xyg9vO-h3PVL5rxO51PCy+qta0vFLb6mJ+DZwa7HtQ=.tmp.chck
F:\ALL SOFTWARE\marvellous study material\Python\Assignments\Assignment 13\dir\WhatsApp\.Shared\8cgpPGKg4-TgVM1IJuM9Zb0L4inZwM1XtXCppWbbISw=.tmp.chck
F:\ALL SOFTWARE\marvellous study material\Python\Assignments\Assignment 13\dir\WhatsApp\.Shared\a2LOYRAR36Afp5f+Gjp6A0-iHlvYTQjaeLoUMVUy60M=.tmp.chck
F:\ALL SOFTWARE\marvellous study material\Python\Assignments\Assignment 13\dir\WhatsApp\.Shared\cizqppuJWLPqSOu7cfAfRtUy9LACo7JzgN8ewKsg-jk=.tmp.chck
F:\ALL SOFTWARE\marvellous study material\Python\Assignments\Assignment 13\dir\WhatsApp\.Shared\CStpnUK213hNIogic7J2ckp4F54-HEcyqeiqSQC7YCE=.tmp.chck
F:\ALL SOFTWARE\marvellous study material\Python\Assignments\Assignment 13\dir\WhatsApp\.Shared\cu-tML7ckOOB6Us61mF3wHWupp4-B9s9bxpEppgBI4U=.tmp.chck
F:\ALL SOFTWARE\marvellous study material\Python\Assignments\Assignment 13\dir\WhatsApp\.Shared\cumnVYGfKVLhKSMJlcTtlptw3r+Q5WfNumbON8Kz24w=.tmp.chck
F:\ALL SOFTWARE\marvellous study material\Python\Assignments\Assignment 13\dir\WhatsApp\.Shared\d28L3LAeR-u349wSXqPQ1zFa-MtLuJ+laen8KRXOV10=.tmp.chck
F:\ALL SOFTWARE\marvellous study material\Python\Assignments\Assignment 13\dir\WhatsApp\.Shared\dxmHcDYtS5Tl+1elWJdniylEnoOvlzk7N1ZHpGvTcLU=.tmp.chck
F:\ALL SOFTWARE\marvellous study material\Python\Assignments\Assignment 13\dir\WhatsApp\.Shared\dyL-i3R9eIl21F7x3KAu6rSh2-eGrlCQnvkv6NEcrx8=.tmp.chck
F:\ALL SOFTWARE\marvellous study material\Python\Assignments\Assignment 13\dir\WhatsApp\.Shared\eia0sL6Uvqh0mzCImxXvDr3gEFDtfZa+7F3zHNxyyzo=.tmp.chck
F:\ALL SOFTWARE\marvellous study material\Python\Assignments\Assignment 13\dir\WhatsApp\.Shared\f67yOMh8Ugjyrsa2BMmUQ9lm4N43ejjMRmWl+WJWY18=.tmp.chck
F:\ALL SOFTWARE\marvellous study material\Python\Assignments\Assignment 13\dir\WhatsApp\.Shared\G1RSiVHf9tzsu34u4Z8wo2lWjhVcKluithT5SVQFjTs=.tmp.chck
F:\ALL SOFTWARE\marvellous study material\Python\Assignments\Assignment 13\dir\WhatsApp\.Shared\GSdVT8WakFhQU5ua5wmf3j8LkN9XFbcokvTizqfk0QU=.tmp.chck
F:\ALL SOFTWARE\marvellous study material\Python\Assignments\Assignment 13\dir\WhatsApp\.Shared\H02nYY0SqbEYuDcHS8MXzgSXmFEx8LVjFBaxyPrkkNk=.tmp.chck
F:\ALL SOFTWARE\marvellous study material\Python\Assignments\Assignment 13\dir\WhatsApp\.Shared\hG4aaKzR3I9S+Khpyttts7u1Nnlw+VdP+NvKZjlOeBE=.tmp.chck
F:\ALL SOFTWARE\marvellous study material\Python\Assignments\Assignment 13\dir\WhatsApp\.Shared\iwu1gcuNsfCuj0ajIPf0l107o3GpsIsSt34jBCKgDaA=.tmp.chck
F:\ALL SOFTWARE\marvellous study material\Python\Assignments\Assignment 13\dir\WhatsApp\.Shared\izDdJbbqxTd6JrN1vHa6kRpPwLWj-e0IRJ-r+hVcQ20=.tmp.chck
F:\ALL SOFTWARE\marvellous study material\Python\Assignments\Assignment 13\dir\WhatsApp\.Shared\jLjLzZuuOdZ3ZEVd2hyf2bW7bYmPMhjI6BCrYnjjZLM=.tmp.chck
F:\ALL SOFTWARE\marvellous study material\Python\Assignments\Assignment 13\dir\WhatsApp\.Shared\jyOvhCIwmQcefaMWxUnRFyeym6A-CBPVBibMVl1lWUw=.tmp.chck
F:\ALL SOFTWARE\marvellous study material\Python\Assignments\Assignment 13\dir\WhatsApp\.Shared\LhFgfr70BRfsEJ4Gv1AYP-aIxYXAfvD-bFJ3HAiR0S8=.tmp.chck
F:\ALL SOFTWARE\marvellous study material\Python\Assignments\Assignment 13\dir\WhatsApp\.Shared\lLN4qEU9Xbfhie5kBQpNP+u8YcW+-ZijsdwkMi3SgqI=.tmp.chck
F:\ALL SOFTWARE\marvellous study material\Python\Assignments\Assignment 13\dir\WhatsApp\.Shared\LTKelMZffBMVAPtsgnudEsJyHOSQgyeLTkck7VpwjgA=.tmp.chck
F:\ALL SOFTWARE\marvellous study material\Python\Assignments\Assignment 13\dir\WhatsApp\.Shared\MVvrlD3idZdPeiUpsSwHes0v5dfR49VrZwewWCNWXaw=.tmp.chck
F:\ALL SOFTWARE\marvellous study material\Python\Assignments\Assignment 13\dir\WhatsApp\.Shared\nbTXgJywQUCpjBu4TfkmHVnYQqbGPx128PNW1GR4f7w=.tmp.chck
F:\ALL SOFTWARE\marvellous study material\Python\Assignments\Assignment 13\dir\WhatsApp\.Shared\nu-98ck6T3AO13xn+GCvV+NuqpDIR-yrcIV3qTxaJpI=.tmp.chck
F:\ALL SOFTWARE\marvellous study material\Python\Assignments\Assignment 13\dir\WhatsApp\.Shared\NumbzgFHotBJN5CJFS16AC4ZxczOh4soENoTcd8X7kI=.tmp.chck
F:\ALL SOFTWARE\marvellous study material\Python\Assignments\Assignment 13\dir\WhatsApp\.Shared\nwnkUAEP7Ku45kNt4g0LlAseq36tGCRTPN7x5hoQjIQ=.tmp.chck
F:\ALL SOFTWARE\marvellous study material\Python\Assignments\Assignment 13\dir\WhatsApp\.Shared\NzwMi+Tof-DfcG2Z7hNFBbOdpsFKI6jML61MJdP0Hog=.tmp.chck
F:\ALL SOFTWARE\marvellous study material\Python\Assignments\Assignment 13\dir\WhatsApp\.Shared\o+hTEO0Y1glOYCc8Ha32Qn6w5nNJTySPjtDnd93VMLQ=.tmp.chck
F:\ALL SOFTWARE\marvellous study material\Python\Assignments\Assignment 13\dir\WhatsApp\.Shared\oF40h3Ri8hxF6MOTNk+jB1wm67jes70MoBiLL3DsK7w=.tmp.chck
F:\ALL SOFTWARE\marvellous study material\Python\Assignments\Assignment 13\dir\WhatsApp\.Shared\PrrN7EfURo-+gEwwOsiNwu0jzysb0D0hs4V0-PF40LI=.tmp.chck
F:\ALL SOFTWARE\marvellous study material\Python\Assignments\Assignment 13\dir\WhatsApp\.Shared\QSVKI+w4ZYvfbj1Y44GYNMOu+aW5EeIyJ2Q2LPIA5Zo=.tmp.chck
F:\ALL SOFTWARE\marvellous study material\Python\Assignments\Assignment 13\dir\WhatsApp\.Shared\quc7jzU4VMg-8QjOKsucJXnHFA5HAGeO4XI8Fv092Lw=.tmp.chck
F:\ALL SOFTWARE\marvellous study material\Python\Assignments\Assignment 13\dir\WhatsApp\.Shared\RfZDFG3OKcV7Sbn9MiF6ttJQBM9lELCNpFKuYPUc4Lc=.tmp.chck
F:\ALL SOFTWARE\marvellous study material\Python\Assignments\Assignment 13\dir\WhatsApp\.Shared\rifCKda6kswal4YIWvAwZGAoI7edM9f-jAfoYM0Sto0=.tmp.chck
F:\ALL SOFTWARE\marvellous study material\Python\Assignments\Assignment 13\dir\WhatsApp\.Shared\SapzBR5kM+KSA1pOvmMoica1HlNQIgnrzKTA6dtFKzc=.tmp.chck
F:\ALL SOFTWARE\marvellous study material\Python\Assignments\Assignment 13\dir\WhatsApp\.Shared\spvBupCfpS6-irSmcMRUrQDmUGbYp8QH-EuqdMgSE7E=.tmp.chck
F:\ALL SOFTWARE\marvellous study material\Python\Assignments\Assignment 13\dir\WhatsApp\.Shared\TQi7flyCNKV9UxakFifOQNRHVlayAqVoImZZkGWD72s=.tmp.chck
F:\ALL SOFTWARE\marvellous study material\Python\Assignments\Assignment 13\dir\WhatsApp\.Shared\UDT9mQ6+rs2LNH7S3F22tzt0iyyskVL7Xz8+RSg8EJ8=.tmp.chck
F:\ALL SOFTWARE\marvellous study material\Python\Assignments\Assignment 13\dir\WhatsApp\.Shared\Ue01Id+0PGFel0nNI6l8T7FYr1efm7dR17Gj4iKRj4w=.tmp.chck
F:\ALL SOFTWARE\marvellous study material\Python\Assignments\Assignment 13\dir\WhatsApp\.Shared\UzsPNRQcPwQidyD3Hb7k8kJmBwepOURyJibW7wcmYEc=.tmp.chck
F:\ALL SOFTWARE\marvellous study material\Python\Assignments\Assignment 13\dir\WhatsApp\.Shared\voodB8Gjebl-4S9FXZ9MXF2wL5C-oHlxnd9NzzM8yO4=.tmp.chck
F:\ALL SOFTWARE\marvellous study material\Python\Assignments\Assignment 13\dir\WhatsApp\.Shared\vViRU1cWMih1oAmx3ZQA3zD70lnbJW2FSEanzdcpX3U=.tmp.chck
F:\ALL SOFTWARE\marvellous study material\Python\Assignments\Assignment 13\dir\WhatsApp\.Shared\VVoK2HaRfk5s8ZRTyTRk6uL09Iy+Z+TztBSImh2FO+Y=.tmp.chck
F:\ALL SOFTWARE\marvellous study material\Python\Assignments\Assignment 13\dir\WhatsApp\.Shared\VyWdUpdXpSV59oktUwcwiXwtGE5jJWnt27t5d+Ee2KE=.tmp.chck
F:\ALL SOFTWARE\marvellous study material\Python\Assignments\Assignment 13\dir\WhatsApp\.Shared\wByNWBEinmL62h8FVVz2CYy-7tHdTrAJfDE55tWgvjw=.tmp.chck
F:\ALL SOFTWARE\marvellous study material\Python\Assignments\Assignment 13\dir\WhatsApp\.Shared\wjcamaWAqcG+eEdmvBdExGbgBWAkiPtiXXXHNFg-vEc=.tmp.chck
F:\ALL SOFTWARE\marvellous study material\Python\Assignments\Assignment 13\dir\WhatsApp\.Shared\x2bd85Zn6q+WEEPZKflnVi7+RaB-2BSYbMbjoiLvPak=.tmp.chck
F:\ALL SOFTWARE\marvellous study material\Python\Assignments\Assignment 13\dir\WhatsApp\.Shared\X5VAb4j2imtpvBmRhXeTH13z-VsME6RlwtMQ7taw2l8=.tmp.chck
F:\ALL SOFTWARE\marvellous study material\Python\Assignments\Assignment 13\dir\WhatsApp\.Shared\Xd8XkbTS4TsrCsOIay+eyBmvnFyiRwCaMyO02MFVgpY=.tmp.chck
F:\ALL SOFTWARE\marvellous study material\Python\Assignments\Assignment 13\dir\WhatsApp\.Shared\XOkDyPlaV6X+I-IXw2tpREqUhyaoGmSbTXqu49oVFgM=.tmp.chck
F:\ALL SOFTWARE\marvellous study material\Python\Assignments\Assignment 13\dir\WhatsApp\.Shared\xTKyMHrfoSgOV0rnQorSW0-yhqf-lLhfboXhsGTD5pY=.tmp.chck
F:\ALL SOFTWARE\marvellous study material\Python\Assignments\Assignment 13\dir\WhatsApp\.Shared\y-E-oV0tccnm++HLhXnLTZ3PHCdKYpiodIVo8Vvi6NM=.tmp.chck
F:\ALL SOFTWARE\marvellous study material\Python\Assignments\Assignment 13\dir\WhatsApp\.Shared\yGnig3X82rtW-pVo7ul1JwuXPv9i4aZslaU78DzT07U=.tmp.chck
F:\ALL SOFTWARE\marvellous study material\Python\Assignments\Assignment 13\dir\WhatsApp\.Shared\ylrzoyn376f8xxlP4eRaHMTKwF4-gGdwmhVU6vvy92E=.tmp.chck
F:\ALL SOFTWARE\marvellous study material\Python\Assignments\Assignment 13\dir\WhatsApp\.Shared\YSGcgZdq-pcjU0RqxSFDdgk91JiQ8hoIIV--bVGemn4=.tmp.chck
F:\ALL SOFTWARE\marvellous study material\Python\Assignments\Assignment 13\dir\WhatsApp\.Shared\z4YSDCdu8jc+HRfHIM8uU75rURzrDjwifrSIfoFt060=.tmp.chck
F:\ALL SOFTWARE\marvellous study material\Python\Assignments\Assignment 13\dir\WhatsApp\.Shared\zb+rFzJIz7QIjWGAwSE9UcFSEIZ8wzlpAudU6z9FRg8=.tmp.chck
F:\ALL SOFTWARE\marvellous study material\Python\Assignments\Assignment 13\dir\WhatsApp\Media\WhatsApp Animated Gifs\Private\.nomedia
F:\ALL SOFTWARE\marvellous study material\Python\Assignments\Assignment 13\dir\WhatsApp\Media\WhatsApp Animated Gifs\Sent\.nomedia
F:\ALL SOFTWARE\marvellous study material\Python\Assignments\Assignment 13\dir\WhatsApp\Media\WhatsApp Audio\Private\.nomedia
F:\ALL SOFTWARE\marvellous study material\Python\Assignments\Assignment 13\dir\WhatsApp\Media\WhatsApp Audio\Sent\.nomedia
F:\ALL SOFTWARE\marvellous study material\Python\Assignments\Assignment 13\dir\WhatsApp\Media\WhatsApp Documents\Private\.nomedia
F:\ALL SOFTWARE\marvellous study material\Python\Assignments\Assignment 13\dir\WhatsApp\Media\WhatsApp Documents\Sent\.nomedia
F:\ALL SOFTWARE\marvellous study material\Python\Assignments\Assignment 13\dir\WhatsApp\Media\WhatsApp Images\Private\.nomedia
F:\ALL SOFTWARE\marvellous study material\Python\Assignments\Assignment 13\dir\WhatsApp\Media\WhatsApp Images\Sent\.nomedia
F:\ALL SOFTWARE\marvellous study material\Python\Assignments\Assignment 13\dir\WhatsApp\Media\WhatsApp Stickers\.nomedia
F:\ALL SOFTWARE\marvellous study material\Python\Assignments\Assignment 13\dir\WhatsApp\Media\WhatsApp Video\Private\.nomedia
F:\ALL SOFTWARE\marvellous study material\Python\Assignments\Assignment 13\dir\WhatsApp\Media\WhatsApp Video\Sent\.nomedia
F:\ALL SOFTWARE\marvellous study material\Python\Assignments\Assignment 13\dir\WhatsApp\Media\WhatsApp Voice Notes\.nomedia
F:\ALL SOFTWARE\marvellous study material\Python\Assignments\Assignment 13\dir\WhatsApp\Media\WhatsApp Voice Notes\201738\.nomedia
F:\ALL SOFTWARE\marvellous study material\Python\Assignments\Assignment 13\dir\WhatsApp\Media\WhatsApp Voice Notes\201747\.nomedia
F:\ALL SOFTWARE\marvellous study material\Python\Assignments\Assignment 13\dir\WhatsApp\Media\WhatsApp Voice Notes\201749\.nomedia
F:\ALL SOFTWARE\marvellous study material\Python\Assignments\Assignment 13\dir\WhatsApp\Media\WhatsApp Voice Notes\201804\.nomedia
F:\ALL SOFTWARE\marvellous study material\Python\Assignments\Assignment 13\dir\WhatsApp\Media\WhatsApp Voice Notes\201810\.nomedia
F:\ALL SOFTWARE\marvellous study material\Python\Assignments\Assignment 13\dir\WhatsApp\Media\WhatsApp Voice Notes\201812\.nomedia
F:\ALL SOFTWARE\marvellous study material\Python\Assignments\Assignment 13\dir\WhatsApp\Media\WhatsApp Voice Notes\201813\.nomedia
F:\ALL SOFTWARE\marvellous study material\Python\Assignments\Assignment 13\dir\WhatsApp\Media\WhatsApp Voice Notes\201816\.nomedia
F:\ALL SOFTWARE\marvellous study material\Python\Assignments\Assignment 13\dir\WhatsApp\Media\WhatsApp Voice Notes\201817\.nomedia
F:\ALL SOFTWARE\marvellous study material\Python\Assignments\Assignment 13\dir\WhatsApp\Media\WhatsApp Voice Notes\201819\.nomedia
F:\ALL SOFTWARE\marvellous study material\Python\Assignments\Assignment 13\dir\WhatsApp\Media\WhatsApp Voice Notes\201825\.nomedia
F:\ALL SOFTWARE\marvellous study material\Python\Assignments\Assignment 13\dir\WhatsApp\Media\WhatsApp Voice Notes\201832\.nomedia
F:\ALL SOFTWARE\marvellous study material\Python\Assignments\Assignment 13\dir\WhatsApp\Media\WhatsApp Voice Notes\201834\.nomedia
F:\ALL SOFTWARE\marvellous study material\Python\Assignments\Assignment 13\dir\WhatsApp\Media\WhatsApp Voice Notes\201844\.nomedia
F:\ALL SOFTWARE\marvellous study material\Python\Assignments\Assignment 13\dir\WhatsApp\Media\WhatsApp Voice Notes\201847\.nomedia
F:\ALL SOFTWARE\marvellous study material\Python\Assignments\Assignment 13\dir\WhatsApp\Media\WhatsApp Voice Notes\201905\.nomedia
F:\ALL SOFTWARE\marvellous study material\Python\Assignments\Assignment 13\dir\WhatsApp\Media\WhatsApp Documents\AI ch 1.pptx.enc
F:\ALL SOFTWARE\marvellous study material\Python\Assignments\Assignment 13\dir\WhatsApp\Media\WhatsApp Documents\Sent\AI ch 1.enc
F:\ALL SOFTWARE\marvellous study material\Python\Assignments\Assignment 13\dir\WhatsApp\Media\WhatsApp Documents\AI ch 3.pptx.enc
F:\ALL SOFTWARE\marvellous study material\Python\Assignments\Assignment 13\dir\WhatsApp\Media\WhatsApp Documents\Sent\AI ch 3.enc
F:\ALL SOFTWARE\marvellous study material\Python\Assignments\Assignment 13\dir\WhatsApp\Media\WhatsApp Documents\Sent\AI ch 4.pptx
F:\ALL SOFTWARE\marvellous study material\Python\Assignments\Assignment 13\dir\WhatsApp\Media\WhatsApp Documents\M.SC ( COMPUTER SCIENCE ) 2013 PATTERN.pdf
F:\ALL SOFTWARE\marvellous study material\Python\Assignments\Assignment 13\dir\WhatsApp\Media\WhatsApp Documents\book2-2.pdf
F:\ALL SOFTWARE\marvellous study material\Python\Assignments\Assignment 13\dir\WhatsApp\Media\WhatsApp Documents\book2.pdf
F:\ALL SOFTWARE\marvellous study material\Python\Assignments\Assignment 13\dir\WhatsApp\Media\WhatsApp Documents\C.Seurity_ II_2019 Feb-2.pptx
F:\ALL SOFTWARE\marvellous study material\Python\Assignments\Assignment 13\dir\WhatsApp\Media\WhatsApp Documents\C.Seurity_ II_2019 Feb.pptx
F:\ALL SOFTWARE\marvellous study material\Python\Assignments\Assignment 13\dir\WhatsApp\Media\WhatsApp Documents\chapter1.pptx
F:\ALL SOFTWARE\marvellous study material\Python\Assignments\Assignment 13\dir\WhatsApp\Media\WhatsApp Documents\chapter2.pptx
F:\ALL SOFTWARE\marvellous study material\Python\Assignments\Assignment 13\dir\WhatsApp\Media\WhatsApp Documents\chapter2_2.pptx
F:\ALL SOFTWARE\marvellous study material\Python\Assignments\Assignment 13\dir\WhatsApp\Media\WhatsApp Documents\Sent\chapter2_2.pptx
F:\ALL SOFTWARE\marvellous study material\Python\Assignments\Assignment 13\dir\WhatsApp\Media\WhatsApp Documents\credit1_18-2.docx
F:\ALL SOFTWARE\marvellous study material\Python\Assignments\Assignment 13\dir\WhatsApp\Media\WhatsApp Documents\credit1_18.docx
F:\ALL SOFTWARE\marvellous study material\Python\Assignments\Assignment 13\dir\WhatsApp\Media\WhatsApp Documents\Sent\CS_202.zip
F:\ALL SOFTWARE\marvellous study material\Python\Assignments\Assignment 13\dir\WhatsApp\Media\WhatsApp Documents\Cyber Security.pptx iv.pptx
F:\ALL SOFTWARE\marvellous study material\Python\Assignments\Assignment 13\dir\WhatsApp\Media\WhatsApp Documents\DAAMCS1.ppt.enc
F:\ALL SOFTWARE\marvellous study material\Python\Assignments\Assignment 13\dir\WhatsApp\Media\WhatsApp Documents\DAAMCS2.ppt.enc
F:\ALL SOFTWARE\marvellous study material\Python\Assignments\Assignment 13\dir\WhatsApp\Media\WhatsApp Documents\Sent\DMChapter1.pptx
F:\ALL SOFTWARE\marvellous study material\Python\Assignments\Assignment 13\dir\WhatsApp\Media\WhatsApp Documents\Sent\DMChapter2.pptx
F:\ALL SOFTWARE\marvellous study material\Python\Assignments\Assignment 13\dir\WhatsApp\Media\WhatsApp Documents\Firstdemo.pptx
F:\ALL SOFTWARE\marvellous study material\Python\Assignments\Assignment 13\dir\WhatsApp\Media\WhatsApp Documents\HUMAN RIGHTS AND DUTIES-N Wadia.pptx
F:\ALL SOFTWARE\marvellous study material\Python\Assignments\Assignment 13\dir\WhatsApp\Media\WhatsApp Documents\Marvellous Logic Building Assignment 1.pdf
F:\ALL SOFTWARE\marvellous study material\Python\Assignments\Assignment 13\dir\WhatsApp\Media\WhatsApp Documents\PPT Human Rights of Vulnerable and Disadvantaged Groups, Course II - 19.09.2018_PNC.pptx
F:\ALL SOFTWARE\marvellous study material\Python\Assignments\Assignment 13\dir\WhatsApp\Media\WhatsApp Documents\SCITECH_M.Sc.[Computer-Science](Rev.2013)-2.pdf
F:\ALL SOFTWARE\marvellous study material\Python\Assignments\Assignment 13\dir\WhatsApp\Media\WhatsApp Documents\SCITECH_M.Sc.[Computer-Science](Rev.2013).pdf
F:\ALL SOFTWARE\marvellous study material\Python\Assignments\Assignment 13\dir\WhatsApp\Media\WhatsApp Documents\CS_202\CS_202\Unit2_Files_DirIO.ppt
F:\ALL SOFTWARE\marvellous study material\Python\Assignments\Assignment 13\dir\WhatsApp\Media\WhatsApp Documents\CS_202\CS_202\Unit2_Inodes_Files.ppt
F:\ALL SOFTWARE\marvellous study material\Python\Assignments\Assignment 13\dir\WhatsApp\Media\WhatsApp Documents\CS_202\CS_202\Unit2_SystemCallsforFiles.ppt
F:\ALL SOFTWARE\marvellous study material\Python\Assignments\Assignment 13\dir\WhatsApp\Media\WhatsApp Documents\Sent\DOC-20190202-WA0003.ppt
F:\ALL SOFTWARE\marvellous study material\Python\Assignments\Assignment 13\dir\WhatsApp\Media\WhatsApp Documents\Sent\DOC-20190202-WA0004.ppt
F:\ALL SOFTWARE\marvellous study material\Python\Assignments\Assignment 13\dir\WhatsApp\Media\WhatsApp Documents\CS_202\CS_202\CreditTests\CREDIT TEST-1.pptx
F:\ALL SOFTWARE\marvellous study material\Python\Assignments\Assignment 13\dir\WhatsApp\Media\WhatsApp Documents\Sent\CREDIT TEST-1 - Copy-1.pptx
F:\ALL SOFTWARE\marvellous study material\Python\Assignments\Assignment 13\dir\WhatsApp\Media\WhatsApp Documents\Sent\CREDIT TEST-1 - Copy.pptx
F:\ALL SOFTWARE\marvellous study material\Python\Assignments\Assignment 13\dir\WhatsApp\Media\WhatsApp Documents\Sent\CREDIT TEST-1.pptx
F:\ALL SOFTWARE\marvellous study material\Python\Assignments\Assignment 13\dir\WhatsApp\Media\WhatsApp Documents\Sent\DOC-20180310-WA0009.c
F:\ALL SOFTWARE\marvellous study material\Python\Assignments\Assignment 13\dir\WhatsApp\Media\WhatsApp Documents\Sent\DOC-20180310-WA0008.c
F:\ALL SOFTWARE\marvellous study material\Python\Assignments\Assignment 13\dir\WhatsApp\Media\WhatsApp Documents\Sent\DOC-20180310-WA0007.h
F:\ALL SOFTWARE\marvellous study material\Python\Assignments\Assignment 13\dir\WhatsApp\Media\WhatsApp Documents\Sent\DOC-20180314-WA0001.c
F:\ALL SOFTWARE\marvellous study material\Python\Assignments\Assignment 13\dir\WhatsApp\Media\WhatsApp Documents\Sent\DOC-20180314-WA0009.c
F:\ALL SOFTWARE\marvellous study material\Python\Assignments\Assignment 13\dir\WhatsApp\Media\WhatsApp Documents\Sent\DOC-20180317-WA0003.zip
F:\ALL SOFTWARE\marvellous study material\Python\Assignments\Assignment 13\dir\WhatsApp\Media\WhatsApp Documents\Sent\DOC-20180316-WA0000.c
F:\ALL SOFTWARE\marvellous study material\Python\Assignments\Assignment 13\dir\WhatsApp\Media\WhatsApp Documents\Sent\homework.txt
F:\ALL SOFTWARE\marvellous study material\Python\Assignments\Assignment 13\dir\WhatsApp\Media\WhatsApp Images\IMG-20171203-WA0011.jpg
F:\ALL SOFTWARE\marvellous study material\Python\Assignments\Assignment 13\dir\WhatsApp\Media\WhatsApp Images\IMG-20180214-WA0029.jpg
F:\ALL SOFTWARE\marvellous study material\Python\Assignments\Assignment 13\dir\WhatsApp\Media\WhatsApp Images\IMG-20190130-WA0000.jpg
F:\ALL SOFTWARE\marvellous study material\Python\Assignments\Assignment 13\dir\WhatsApp\Media\WhatsApp Images\IMG-20190215-WA0121.jpg
F:\ALL SOFTWARE\marvellous study material\Python\Assignments\Assignment 13\dir\WhatsApp\Media\WhatsApp Images\IMG-20190213-WA0045.jpg
F:\ALL SOFTWARE\marvellous study material\Python\Assignments\Assignment 13\dir\WhatsApp\Media\WhatsApp Images\IMG-20190213-WA0007.jpg
F:\ALL SOFTWARE\marvellous study material\Python\Assignments\Assignment 13\dir\WhatsApp\Media\WhatsApp Images\IMG-20190213-WA0105.jpg
F:\ALL SOFTWARE\marvellous study material\Python\Assignments\Assignment 13\dir\WhatsApp\Media\WhatsApp Images\IMG-20190214-WA0065.jpg
F:\ALL SOFTWARE\marvellous study material\Python\Assignments\Assignment 13\dir\WhatsApp\Media\WhatsApp Images\IMG-20190214-WA0152.jpg
F:\ALL SOFTWARE\marvellous study material\Python\Assignments\Assignment 13\dir\WhatsApp\Media\WhatsApp Images\IMG-20190214-WA0064.jpg
F:\ALL SOFTWARE\marvellous study material\Python\Assignments\Assignment 13\dir\WhatsApp\Media\WhatsApp Images\IMG-20190214-WA0138.jpg
F:\ALL SOFTWARE\marvellous study material\Python\Assignments\Assignment 13\dir\WhatsApp\Media\WhatsApp Images\IMG-20190214-WA0160.jpg
F:\ALL SOFTWARE\marvellous study material\Python\Assignments\Assignment 13\dir\WhatsApp\Media\WhatsApp Images\IMG-20190214-WA0141.jpg
F:\ALL SOFTWARE\marvellous study material\Python\Assignments\Assignment 13\dir\WhatsApp\Media\WhatsApp Images\IMG-20190214-WA0166.jpg
F:\ALL SOFTWARE\marvellous study material\Python\Assignments\Assignment 13\dir\WhatsApp\Media\WhatsApp Images\IMG-20190214-WA0148.jpg
F:\ALL SOFTWARE\marvellous study material\Python\Assignments\Assignment 13\dir\WhatsApp\Media\WhatsApp Images\IMG-20190215-WA0026.jpg
F:\ALL SOFTWARE\marvellous study material\Python\Assignments\Assignment 13\dir\WhatsApp\Media\WhatsApp Images\IMG-20190214-WA0070.jpg
F:\ALL SOFTWARE\marvellous study material\Python\Assignments\Assignment 13\dir\WhatsApp\Media\WhatsApp Images\IMG-20190214-WA0068.jpg
F:\ALL SOFTWARE\marvellous study material\Python\Assignments\Assignment 13\dir\WhatsApp\Media\WhatsApp Images\IMG-20190214-WA0162.jpg
F:\ALL SOFTWARE\marvellous study material\Python\Assignments\Assignment 13\dir\WhatsApp\Media\WhatsApp Images\IMG-20190214-WA0140.jpg
F:\ALL SOFTWARE\marvellous study material\Python\Assignments\Assignment 13\dir\WhatsApp\Media\WhatsApp Images\IMG-20190214-WA0071.jpg
F:\ALL SOFTWARE\marvellous study material\Python\Assignments\Assignment 13\dir\WhatsApp\Media\WhatsApp Images\IMG-20190215-WA0005.jpg
F:\ALL SOFTWARE\marvellous study material\Python\Assignments\Assignment 13\dir\WhatsApp\Media\WhatsApp Images\IMG-20190214-WA0158.jpg
F:\ALL SOFTWARE\marvellous study material\Python\Assignments\Assignment 13\dir\WhatsApp\Media\WhatsApp Images\IMG-20190214-WA0069.jpg
F:\ALL SOFTWARE\marvellous study material\Python\Assignments\Assignment 13\dir\WhatsApp\Media\WhatsApp Images\IMG-20190214-WA0170.jpg
F:\ALL SOFTWARE\marvellous study material\Python\Assignments\Assignment 13\dir\WhatsApp\Media\WhatsApp Images\IMG-20190214-WA0161.jpg
F:\ALL SOFTWARE\marvellous study material\Python\Assignments\Assignment 13\dir\WhatsApp\Media\WhatsApp Images\IMG-20190215-WA0002.jpg
F:\ALL SOFTWARE\marvellous study material\Python\Assignments\Assignment 13\dir\WhatsApp\Media\WhatsApp Images\IMG-20190219-WA0008.jpg
F:\ALL SOFTWARE\marvellous study material\Python\Assignments\Assignment 13\dir\WhatsApp\Media\WhatsApp Images\IMG-20190219-WA0007.jpg
F:\ALL SOFTWARE\marvellous study material\Python\Assignments\Assignment 13\dir\WhatsApp\Media\WhatsApp Images\IMG-20190219-WA0010.jpg
F:\ALL SOFTWARE\marvellous study material\Python\Assignments\Assignment 13\dir\WhatsApp\Media\WhatsApp Images\IMG-20190219-WA0011.jpg
F:\ALL SOFTWARE\marvellous study material\Python\Assignments\Assignment 13\dir\WhatsApp\Media\WhatsApp Images\IMG-20190219-WA0009.jpg
F:\ALL SOFTWARE\marvellous study material\Python\Assignments\Assignment 13\dir\WhatsApp\Media\WhatsApp Images\IMG-20190302-WA0006.jpg
F:\ALL SOFTWARE\marvellous study material\Python\Assignments\Assignment 13\dir\WhatsApp\Media\WhatsApp Images\IMG-20190302-WA0007.jpg
F:\ALL SOFTWARE\marvellous study material\Python\Assignments\Assignment 13\dir\WhatsApp\Media\WhatsApp Images\IMG-20190308-WA0000.jpg
F:\ALL SOFTWARE\marvellous study material\Python\Assignments\Assignment 13\dir\WhatsApp\Media\WhatsApp Images\IMG-20190315-WA0001.jpg
F:\ALL SOFTWARE\marvellous study material\Python\Assignments\Assignment 13\dir\WhatsApp\Media\WhatsApp Images\Sent\IMG-20190326-WA0001.jpg
F:\ALL SOFTWARE\marvellous study material\Python\Assignments\Assignment 13\dir\WhatsApp\Media\WhatsApp Images\Sent\IMG-20190326-WA0002.jpg
F:\ALL SOFTWARE\marvellous study material\Python\Assignments\Assignment 13\dir\WhatsApp\Media\WhatsApp Images\Sent\IMG-20190328-WA0001.jpg
F:\ALL SOFTWARE\marvellous study material\Python\Assignments\Assignment 13\dir\WhatsApp\Media\WhatsApp Images\Sent\IMG-20190327-WA0001.jpg
F:\ALL SOFTWARE\marvellous study material\Python\Assignments\Assignment 13\dir\WhatsApp\Media\WhatsApp Images\Sent\IMG-20190328-WA0000.jpg
F:\ALL SOFTWARE\marvellous study material\Python\Assignments\Assignment 13\dir\WhatsApp\Media\WhatsApp Images\IMG-20190405-WA0001.jpg
F:\ALL SOFTWARE\marvellous study material\Python\Assignments\Assignment 13\dir\WhatsApp\Media\WhatsApp Images\IMG-20190410-WA0008.jpg
F:\ALL SOFTWARE\marvellous study material\Python\Assignments\Assignment 13\dir\WhatsApp\Media\WhatsApp Images\IMG-20190421-WA0010.jpg
F:\ALL SOFTWARE\marvellous study material\Python\Assignments\Assignment 13\dir\WhatsApp\Media\WhatsApp Images\IMG-20190421-WA0009.jpg
F:\ALL SOFTWARE\marvellous study material\Python\Assignments\Assignment 13\dir\WhatsApp\Media\WhatsApp Images\IMG-20190421-WA0008.jpg
F:\ALL SOFTWARE\marvellous study material\Python\Assignments\Assignment 13\dir\WhatsApp\Media\WhatsApp Images\IMG-20190421-WA0012.jpg
F:\ALL SOFTWARE\marvellous study material\Python\Assignments\Assignment 13\dir\WhatsApp\Media\WhatsApp Images\IMG-20190421-WA0015.jpg
F:\ALL SOFTWARE\marvellous study material\Python\Assignments\Assignment 13\dir\WhatsApp\Media\WhatsApp Images\IMG-20190421-WA0011.jpg
F:\ALL SOFTWARE\marvellous study material\Python\Assignments\Assignment 13\dir\WhatsApp\Media\WhatsApp Images\IMG-20190421-WA0013.jpg
F:\ALL SOFTWARE\marvellous study material\Python\Assignments\Assignment 13\dir\WhatsApp\Media\WhatsApp Images\IMG-20190421-WA0014.jpg
F:\ALL SOFTWARE\marvellous study material\Python\Assignments\Assignment 13\dir\WhatsApp\Media\WhatsApp Images\Sent\IMG-20171008-WA0000.jpg
F:\ALL SOFTWARE\marvellous study material\Python\Assignments\Assignment 13\dir\WhatsApp\Media\WhatsApp Images\Sent\IMG-20171103-WA0016.jpg
F:\ALL SOFTWARE\marvellous study material\Python\Assignments\Assignment 13\dir\WhatsApp\Media\WhatsApp Images\Sent\IMG-20171103-WA0017.jpg
F:\ALL SOFTWARE\marvellous study material\Python\Assignments\Assignment 13\dir\WhatsApp\Media\WhatsApp Images\Sent\IMG-20171103-WA0018.jpg
F:\ALL SOFTWARE\marvellous study material\Python\Assignments\Assignment 13\dir\WhatsApp\Media\WhatsApp Images\Sent\IMG-20171103-WA0019.jpg
F:\ALL SOFTWARE\marvellous study material\Python\Assignments\Assignment 13\dir\WhatsApp\Media\WhatsApp Images\Sent\IMG-20171103-WA0020.jpg
F:\ALL SOFTWARE\marvellous study material\Python\Assignments\Assignment 13\dir\WhatsApp\Media\WhatsApp Images\Sent\IMG-20171103-WA0021.jpg
F:\ALL SOFTWARE\marvellous study material\Python\Assignments\Assignment 13\dir\WhatsApp\Media\WhatsApp Images\Sent\IMG-20171103-WA0022.jpg
F:\ALL SOFTWARE\marvellous study material\Python\Assignments\Assignment 13\dir\WhatsApp\Media\WhatsApp Images\Sent\IMG-20171103-WA0023.jpg
F:\ALL SOFTWARE\marvellous study material\Python\Assignments\Assignment 13\dir\WhatsApp\Media\WhatsApp Images\Sent\IMG-20171103-WA0024.jpg
F:\ALL SOFTWARE\marvellous study material\Python\Assignments\Assignment 13\dir\WhatsApp\Media\WhatsApp Images\Sent\IMG-20171103-WA0025.jpg
F:\ALL SOFTWARE\marvellous study material\Python\Assignments\Assignment 13\dir\WhatsApp\Media\WhatsApp Images\Sent\IMG-20171103-WA0026.jpg
F:\ALL SOFTWARE\marvellous study material\Python\Assignments\Assignment 13\dir\WhatsApp\Media\WhatsApp Images\Sent\IMG-20171103-WA0027.jpg
F:\ALL SOFTWARE\marvellous study material\Python\Assignments\Assignment 13\dir\WhatsApp\Media\WhatsApp Images\Sent\IMG-20171103-WA0028.jpg
F:\ALL SOFTWARE\marvellous study material\Python\Assignments\Assignment 13\dir\WhatsApp\Media\WhatsApp Images\Sent\IMG-20171103-WA0029.jpg
F:\ALL SOFTWARE\marvellous study material\Python\Assignments\Assignment 13\dir\WhatsApp\Media\WhatsApp Images\Sent\IMG-20171103-WA0030.jpg
F:\ALL SOFTWARE\marvellous study material\Python\Assignments\Assignment 13\dir\WhatsApp\Media\WhatsApp Images\Sent\IMG-20171103-WA0031.jpg
F:\ALL SOFTWARE\marvellous study material\Python\Assignments\Assignment 13\dir\WhatsApp\Media\WhatsApp Images\Sent\IMG-20171125-WA0085.jpg
F:\ALL SOFTWARE\marvellous study material\Python\Assignments\Assignment 13\dir\WhatsApp\Media\WhatsApp Images\Sent\IMG-20171125-WA0086.jpg
F:\ALL SOFTWARE\marvellous study material\Python\Assignments\Assignment 13\dir\WhatsApp\Media\WhatsApp Images\Sent\IMG-20171125-WA0087.jpg
F:\ALL SOFTWARE\marvellous study material\Python\Assignments\Assignment 13\dir\WhatsApp\Media\WhatsApp Images\Sent\IMG-20171125-WA0088.jpg
F:\ALL SOFTWARE\marvellous study material\Python\Assignments\Assignment 13\dir\WhatsApp\Media\WhatsApp Images\Sent\IMG-20171125-WA0089.jpg
F:\ALL SOFTWARE\marvellous study material\Python\Assignments\Assignment 13\dir\WhatsApp\Media\WhatsApp Images\Sent\IMG-20171125-WA0090.jpg
F:\ALL SOFTWARE\marvellous study material\Python\Assignments\Assignment 13\dir\WhatsApp\Media\WhatsApp Images\Sent\IMG-20171125-WA0091.jpg
F:\ALL SOFTWARE\marvellous study material\Python\Assignments\Assignment 13\dir\WhatsApp\Media\WhatsApp Images\Sent\IMG-20171125-WA0092.jpg
F:\ALL SOFTWARE\marvellous study material\Python\Assignments\Assignment 13\dir\WhatsApp\Media\WhatsApp Images\Sent\IMG-20171125-WA0093.jpg
F:\ALL SOFTWARE\marvellous study material\Python\Assignments\Assignment 13\dir\WhatsApp\Media\WhatsApp Images\Sent\IMG-20171125-WA0094.jpg
F:\ALL SOFTWARE\marvellous study material\Python\Assignments\Assignment 13\dir\WhatsApp\Media\WhatsApp Images\Sent\IMG-20171125-WA0095.jpg
F:\ALL SOFTWARE\marvellous study material\Python\Assignments\Assignment 13\dir\WhatsApp\Media\WhatsApp Images\Sent\IMG-20171125-WA0096.jpg
F:\ALL SOFTWARE\marvellous study material\Python\Assignments\Assignment 13\dir\WhatsApp\Media\WhatsApp Images\Sent\IMG-20171125-WA0097.jpg
F:\ALL SOFTWARE\marvellous study material\Python\Assignments\Assignment 13\dir\WhatsApp\Media\WhatsApp Images\Sent\IMG-20171125-WA0098.jpg
F:\ALL SOFTWARE\marvellous study material\Python\Assignments\Assignment 13\dir\WhatsApp\Media\WhatsApp Images\Sent\IMG-20171125-WA0099.jpg
F:\ALL SOFTWARE\marvellous study material\Python\Assignments\Assignment 13\dir\WhatsApp\Media\WhatsApp Images\Sent\IMG-20171125-WA0100.jpg
F:\ALL SOFTWARE\marvellous study material\Python\Assignments\Assignment 13\dir\WhatsApp\Media\WhatsApp Images\Sent\IMG-20171125-WA0101.jpg
F:\ALL SOFTWARE\marvellous study material\Python\Assignments\Assignment 13\dir\WhatsApp\Media\WhatsApp Images\Sent\IMG-20171125-WA0102.jpg
F:\ALL SOFTWARE\marvellous study material\Python\Assignments\Assignment 13\dir\WhatsApp\Media\WhatsApp Images\Sent\IMG-20171125-WA0103.jpg
F:\ALL SOFTWARE\marvellous study material\Python\Assignments\Assignment 13\dir\WhatsApp\Media\WhatsApp Images\Sent\IMG-20171125-WA0104.jpg
F:\ALL SOFTWARE\marvellous study material\Python\Assignments\Assignment 13\dir\WhatsApp\Media\WhatsApp Images\Sent\IMG-20171125-WA0105.jpg
F:\ALL SOFTWARE\marvellous study material\Python\Assignments\Assignment 13\dir\WhatsApp\Media\WhatsApp Images\Sent\IMG-20171125-WA0106.jpg
F:\ALL SOFTWARE\marvellous study material\Python\Assignments\Assignment 13\dir\WhatsApp\Media\WhatsApp Images\Sent\IMG-20171125-WA0107.jpg
F:\ALL SOFTWARE\marvellous study material\Python\Assignments\Assignment 13\dir\WhatsApp\Media\WhatsApp Images\Sent\IMG-20171125-WA0108.jpg
F:\ALL SOFTWARE\marvellous study material\Python\Assignments\Assignment 13\dir\WhatsApp\Media\WhatsApp Images\Sent\IMG-20171125-WA0109.jpg
F:\ALL SOFTWARE\marvellous study material\Python\Assignments\Assignment 13\dir\WhatsApp\Media\WhatsApp Images\Sent\IMG-20171125-WA0110.jpg
F:\ALL SOFTWARE\marvellous study material\Python\Assignments\Assignment 13\dir\WhatsApp\Media\WhatsApp Images\Sent\IMG-20171125-WA0111.jpg
F:\ALL SOFTWARE\marvellous study material\Python\Assignments\Assignment 13\dir\WhatsApp\Media\WhatsApp Images\Sent\IMG-20171125-WA0112.jpg
F:\ALL SOFTWARE\marvellous study material\Python\Assignments\Assignment 13\dir\WhatsApp\Media\WhatsApp Images\Sent\IMG-20171125-WA0113.jpg
F:\ALL SOFTWARE\marvellous study material\Python\Assignments\Assignment 13\dir\WhatsApp\Media\WhatsApp Images\Sent\IMG-20171125-WA0114.jpg
F:\ALL SOFTWARE\marvellous study material\Python\Assignments\Assignment 13\dir\WhatsApp\Media\WhatsApp Images\Sent\IMG-20180315-WA0008.jpg
F:\ALL SOFTWARE\marvellous study material\Python\Assignments\Assignment 13\dir\WhatsApp\Media\WhatsApp Images\Sent\IMG-20190110-WA0006.jpg
F:\ALL SOFTWARE\marvellous study material\Python\Assignments\Assignment 13\dir\WhatsApp\Media\WhatsApp Images\Sent\IMG-20190227-WA0009.jpg
F:\ALL SOFTWARE\marvellous study material\Python\Assignments\Assignment 13\dir\WhatsApp\Media\WhatsApp Video\Sent\VID-20180211-WA0003.mp4
F:\ALL SOFTWARE\marvellous study material\Python\Assignments\Assignment 13\dir\WhatsApp\Media\WhatsApp Video\VID-20190213-WA0054.mp4
F:\ALL SOFTWARE\marvellous study material\Python\Assignments\Assignment 13\dir\WhatsApp\Media\WhatsApp Video\Sent\VID-20180428-WA0003.mp4
F:\ALL SOFTWARE\marvellous study material\Python\Assignments\Assignment 13\dir\WhatsApp\Media\WhatsApp Video\Sent\VID-20180428-WA0007.mp4
F:\ALL SOFTWARE\marvellous study material\Python\Assignments\Assignment 13\dir\WhatsApp\Media\WhatsApp Video\Sent\VID-20180507-WA0003.mp4
F:\ALL SOFTWARE\marvellous study material\Python\Assignments\Assignment 13\dir\WhatsApp\Media\WhatsApp Video\Sent\VID-20180527-WA0003.mp4
F:\ALL SOFTWARE\marvellous study material\Python\Assignments\Assignment 13\dir\WhatsApp\Media\WhatsApp Video\Sent\VID-20180817-WA0000.mp4
